<?xml version="1.0" encoding="UTF-8"?>
<testsuite name="PostmanEchoTest" tests="1" skipped="0" failures="0" errors="0" timestamp="2021-11-17T00:34:51" hostname="DESKTOP-O03L5ML" time="3.288">
  <properties/>
  <testcase name="shouldPing()" classname="PostmanEchoTest" time="3.288"/>
  <system-out><![CDATA[]]></system-out>
  <system-err><![CDATA[]]></system-err>
</testsuite>
